<?xml version="1.0" encoding="utf-8"?><testsuites name="pytest tests"><testsuite name="pytest" errors="0" failures="0" skipped="0" tests="18" time="18.026" timestamp="2026-06-19T03:24:41.151847+09:00" hostname="アズハリの夢"><testcase classname="backend.tests.backend_test.TestAuth" name="test_register_and_token" time="1.057" /><testcase classname="backend.tests.backend_test.TestAuth" name="test_login_existing" time="0.470" /><testcase classname="backend.tests.backend_test.TestAuth" name="test_login_wrong_password" time="0.452" /><testcase classname="backend.tests.backend_test.TestAuth" name="test_me" time="0.517" /><testcase classname="backend.tests.backend_test.TestPricing" name="test_tiers" time="0.244" /><testcase classname="backend.tests.backend_test.TestProducts" name="test_list_seeded" time="0.519" /><testcase classname="backend.tests.backend_test.TestProducts" name="test_crud" time="1.280" /><testcase classname="backend.tests.backend_test.TestProducts" name="test_import_template" time="0.519" /><testcase classname="backend.tests.backend_test.TestProducts" name="test_bulk_import_csv" time="1.075" /><testcase classname="backend.tests.backend_test.TestProducts" name="test_bulk_import_xlsx" time="1.187" /><testcase classname="backend.tests.backend_test.TestOrders" name="test_cash_order" time="1.085" /><testcase classname="backend.tests.backend_test.TestOrders" name="test_qris_order" time="1.172" /><testcase classname="backend.tests.backend_test.TestOrders" name="test_ewallet_order" time="1.210" /><testcase classname="backend.tests.backend_test.TestOrders" name="test_stats" time="1.095" /><testcase classname="backend.tests.backend_test.TestWebhook" name="test_no_token" time="0.245" /><testcase classname="backend.tests.backend_test.TestWebhook" name="test_wrong_token" time="0.244" /><testcase classname="backend.tests.backend_test.TestWebhook" name="test_valid_updates_order" time="4.031" /><testcase classname="backend.tests.backend_test.TestPDF" name="test_receipt_and_invoice" time="1.436" /></testsuite></testsuites>