<?xml version="1.0" encoding="utf-8"?><testsuites name="pytest tests"><testsuite name="pytest" errors="0" failures="0" skipped="0" tests="18" time="6.190" timestamp="2026-06-10T06:18:09.540235+00:00" hostname="agent-env-9fe9d84d-aa2f-477e-aba8-70f54dd8b6cc"><testcase classname="backend.tests.backend_test.TestAuth" name="test_register_and_token" time="0.412" /><testcase classname="backend.tests.backend_test.TestAuth" name="test_login_existing" time="0.278" /><testcase classname="backend.tests.backend_test.TestAuth" name="test_login_wrong_password" time="0.285" /><testcase classname="backend.tests.backend_test.TestAuth" name="test_me" time="0.145" /><testcase classname="backend.tests.backend_test.TestPricing" name="test_tiers" time="0.052" /><testcase classname="backend.tests.backend_test.TestProducts" name="test_list_seeded" time="0.106" /><testcase classname="backend.tests.backend_test.TestProducts" name="test_crud" time="0.292" /><testcase classname="backend.tests.backend_test.TestProducts" name="test_import_template" time="0.099" /><testcase classname="backend.tests.backend_test.TestProducts" name="test_bulk_import_csv" time="0.234" /><testcase classname="backend.tests.backend_test.TestProducts" name="test_bulk_import_xlsx" time="0.612" /><testcase classname="backend.tests.backend_test.TestOrders" name="test_cash_order" time="0.170" /><testcase classname="backend.tests.backend_test.TestOrders" name="test_qris_order" time="0.152" /><testcase classname="backend.tests.backend_test.TestOrders" name="test_ewallet_order" time="0.163" /><testcase classname="backend.tests.backend_test.TestOrders" name="test_stats" time="0.227" /><testcase classname="backend.tests.backend_test.TestWebhook" name="test_no_token" time="0.057" /><testcase classname="backend.tests.backend_test.TestWebhook" name="test_wrong_token" time="0.055" /><testcase classname="backend.tests.backend_test.TestWebhook" name="test_valid_updates_order" time="2.415" /><testcase classname="backend.tests.backend_test.TestPDF" name="test_receipt_and_invoice" time="0.275" /></testsuite></testsuites>